<?xml version="1.0" encoding="UTF-8"?>
<!-- Generated by org.testng.reporters.JUnitReportReporter -->
<testsuite hostname="DESKTOP-MOB5JUI" failures="0" tests="1" name="com.Tests.HomeTest" time="19.426" errors="0" timestamp="2024-03-03T16:43:32 IST" skipped="0">
  <testcase classname="com.Tests.HomeTest" name="checkSearchFunctionalityIsEnabled" time="19.426"/>
</testsuite> <!-- com.Tests.HomeTest -->
