<?xml version="1.0" encoding="UTF-8"?>
<!-- Generated by org.testng.reporters.JUnitReportReporter -->
<testsuite hostname="DESKTOP-MOB5JUI" failures="0" tests="2" name="com.Tests.BeautyTest" time="121.248" errors="0" timestamp="2024-03-05T17:35:22 IST" skipped="0">
  <testcase classname="com.Tests.BeautyTest" name="get_lipstick_Brand_Name" time="87.213"/>
  <testcase classname="com.Tests.BeautyTest" name="onTestFailure" time="34.035"/>
</testsuite> <!-- com.Tests.BeautyTest -->
