<?xml version="1.0" encoding="UTF-8"?>
<!-- Generated by org.testng.reporters.JUnitReportReporter -->
<testsuite hostname="DESKTOP-MOB5JUI" failures="0" tests="2" name="com.Tests.HomeTest" time="52.497" errors="0" timestamp="2024-03-04T18:17:05 IST" skipped="0">
  <testcase classname="com.Tests.HomeTest" name="checkSearchFunctionalityIsEnabled" time="40.643"/>
  <testcase classname="com.Tests.HomeTest" name="onTestFailure" time="11.854"/>
</testsuite> <!-- com.Tests.HomeTest -->
