<?xml version="1.0" encoding="UTF-8"?>
<!-- Generated by org.testng.reporters.JUnitReportReporter -->
<testsuite hostname="DESKTOP-MOB5JUI" failures="0" tests="2" name="com.Tests.BeautyTest" time="59.370" errors="0" timestamp="2024-03-04T18:17:05 IST" skipped="0">
  <testcase classname="com.Tests.BeautyTest" name="get_lipstick_Brand_Name" time="42.529"/>
  <testcase classname="com.Tests.BeautyTest" name="onTestFailure" time="16.841"/>
</testsuite> <!-- com.Tests.BeautyTest -->
